<?xml version="1.0" encoding="UTF-8"?>
<!-- Generated by org.testng.reporters.JUnitReportReporter -->
<testsuite hostname="GBNB5CG20946FP" failures="0" tests="2" name="runner.RunCucumberTest" time="40.251" errors="0" timestamp="2025-10-15T15:56:40 MYT" skipped="0">
  <testcase classname="runner.RunCucumberTest" name="runScenario" time="20.097"/>
  <testcase classname="runner.RunCucumberTest" name="runScenario" time="20.154"/>
</testsuite> <!-- runner.RunCucumberTest -->
