<?xml version="1.0" encoding="UTF-8"?>
<!-- Generated by org.testng.reporters.JUnitReportReporter -->
<testsuite hostname="GBNB5CG20946FP" failures="0" tests="2" name="runner.RunCucumberTest" time="32.988" errors="0" timestamp="2025-10-15T16:14:38 MYT" skipped="0">
  <testcase classname="runner.RunCucumberTest" name="runScenario" time="16.494"/>
  <testcase classname="runner.RunCucumberTest" name="runScenario" time="16.494"/>
</testsuite> <!-- runner.RunCucumberTest -->
