<?xml version="1.0" encoding="UTF-8"?>
<!-- Generated by org.testng.reporters.JUnitReportReporter -->
<testsuite hostname="GBNB5CG20946FP" failures="0" tests="2" name="runner.RunCucumberTest" time="32.679" errors="0" timestamp="2025-10-15T12:46:48 MYT" skipped="0">
  <testcase classname="runner.RunCucumberTest" name="runScenario" time="16.339"/>
  <testcase classname="runner.RunCucumberTest" name="runScenario" time="16.340"/>
</testsuite> <!-- runner.RunCucumberTest -->
